<?xml version="1.0" encoding="UTF-8"?>
<testsuite xmlns:xsi="http://www.w3.org/2001/XMLSchema-instance" xsi:noNamespaceSchemaLocation="https://maven.apache.org/surefire/maven-surefire-plugin/xsd/surefire-test-report.xsd" name="TestSuite" time="21.677" tests="4" errors="0" skipped="0" failures="4">
  <properties>
[...]
</properties>
  <testcase name="runScenario" classname="runner.TestRunner" time="18.324">
    <failure type="java.lang.NullPointerException">java.lang.NullPointerException
</failure>
    <system-out><![CDATA[ab
file:///D:/Arun%20Workspace/SeleniumCucumberFramework/src/test/resources/runnablefeatures/ArunTest.feature:7-->TC_01-iteration2:Valid login--->7-->[]
after
]]></system-out>
    <system-err><![CDATA[SLF4J: Failed to load class "org.slf4j.impl.StaticLoggerBinder".
SLF4J: Defaulting to no-operation (NOP) logger implementation
SLF4J: See http://www.slf4j.org/codes.html#StaticLoggerBinder for further details.
Starting ChromeDriver 84.0.4147.30 (48b3e868b4cc0aa7e8149519690b6f6949e110a8-refs/branch-heads/4147@{#310}) on port 27467
Only local connections are allowed.
Please see https://chromedriver.chromium.org/security-considerations for suggestions on keStarting ChromeDriver 84.0.4147.30 (48b3e868b4cc0aa7e8149519690b6f6949e110a8-refs/branch-heads/4147@{#310}) on port 3632
Only local connections are allowed.
Please see https://chromedriver.chromium.org/security-considerations for suggestions on keeping ChromeDriver safe.
Starting ChromeDriver 84.0.4147.30 (48b3e868b4cc0aa7e8149519690b6f6949e110a8-refs/branch-heads/4147@{#310}) on port 24922
Only local connections are allowed.
Please see https://chromedriver.chromium.org/security-considerations for suggestions on keeping ChromeDriver safe.
eping ChromeDriver safe.
ChromeDriver was started successfully.
ChromeDriver was started successfully.
ChromeDriver was started successfully.
Starting ChromeDriver 84.0.4147.30 (48b3e868b4cc0aa7e8149519690b6f6949e110a8-refs/branch-heads/4147@{#310}) on port 1550
Only local connections are allowed.
Please see https://chromedriver.chromium.org/security-considerations for suggestions on keeping ChromeDriver safe.
ChromeDriver was started successfully.
Aug 23, 2020 4:43:32 PM org.openqa.selenium.remote.ProtocolHandshake createSession
INFO: Detected dialect: W3C
Aug 23, 2020 4:43:32 PM org.openqa.selenium.remote.ProtocolHandshake createSession
INFO: Detected dialect: W3C
Aug 23, 2020 4:43:32 PM org.openqa.selenium.remote.ProtocolHandshake createSession
INFO: Detected dialect: W3C
Aug 23, 2020 4:43:32 PM org.openqa.selenium.remote.ProtocolHandshake createSession
INFO: Detected dialect: W3C
]]></system-err>
  </testcase>
  <testcase name="runScenario" classname="runner.TestRunner" time="18.368">
    <failure type="java.lang.NullPointerException">java.lang.NullPointerException
</failure>
    <system-out><![CDATA[file:///D:/Arun%20Workspace/SeleniumCucumberFramework/src/test/resources/runnablefeatures/ArunTest2.feature:3-->TC_04:Invalid Login2--->3-->[]
file:///D:/Arun%20Workspace/SeleniumCucumberFramework/src/test/resources/runnablefeatures/ArunTest.feature:3-->TC_01:Valid login--->3-->[]
after
]]></system-out>
  </testcase>
  <testcase name="runScenario" classname="runner.TestRunner" time="18.375">
    <failure type="java.lang.NullPointerException">java.lang.NullPointerException
</failure>
    <system-out><![CDATA[file:///D:/Arun%20Workspace/SeleniumCucumberFramework/src/test/resources/runnablefeatures/ArunTest.feature:11-->TC_01-iteration3:Valid login--->11-->[]
after
]]></system-out>
  </testcase>
  <testcase name="runScenario" classname="runner.TestRunner" time="18.392">
    <failure type="java.lang.NullPointerException">java.lang.NullPointerException
</failure>
    <system-out><![CDATA[after
]]></system-out>
  </testcase>
</testsuite>