<?xml version="1.0" encoding="UTF-8"?>
<testng-results ignored="0" total="4" passed="0" failed="4" skipped="0">
  <reporter-output>
  </reporter-output>
  <suite started-at="2020-08-23T16:43:13 IST" name="Suite" finished-at="2020-08-23T16:43:34 IST" duration-ms="20706">
    <groups>
      <group name="cucumber">
        <method signature="AbstractTestNGCucumberTests.runScenario(io.cucumber.testng.PickleWrapper, io.cucumber.testng.FeatureWrapper)[pri:0, instance:runner.TestRunner@75f32542]" name="runScenario" class="io.cucumber.testng.AbstractTestNGCucumberTests"/>
      </group> <!-- cucumber -->
    </groups>
    <test started-at="2020-08-23T16:43:13 IST" name="Complete test run" finished-at="2020-08-23T16:43:34 IST" duration-ms="20706">
      <class name="runner.TestRunner">
        <test-method is-config="true" signature="setUpClass()[pri:0, instance:runner.TestRunner@75f32542]" started-at="2020-08-23T16:43:13 IST" name="setUpClass" finished-at="2020-08-23T16:43:15 IST" duration-ms="1771" status="PASS">
          <reporter-output>
          </reporter-output>
        </test-method> <!-- setUpClass -->
        <test-method signature="runScenario(io.cucumber.testng.PickleWrapper, io.cucumber.testng.FeatureWrapper)[pri:0, instance:runner.TestRunner@75f32542]" started-at="2020-08-23T16:43:15 IST" name="runScenario" description="Runs Cucumber Scenarios" data-provider="scenarios" finished-at="2020-08-23T16:43:33 IST" duration-ms="18491" status="FAIL">
          <params>
            <param index="0">
              <value>
                <![CDATA["TC_01:Valid login"]]>
              </value>
            </param>
            <param index="1">
              <value>
                <![CDATA["Optional[ArunTest]"]]>
              </value>
            </param>
          </params>
          <exception class="java.lang.NullPointerException">
            <full-stacktrace>
              <![CDATA[java.lang.NullPointerException
at stepdefinitions.Hook.setUp(Hook.java:43)
]]>
            </full-stacktrace>
          </exception> <!-- java.lang.NullPointerException -->
          <reporter-output>
          </reporter-output>
        </test-method> <!-- runScenario -->
        <test-method signature="runScenario(io.cucumber.testng.PickleWrapper, io.cucumber.testng.FeatureWrapper)[pri:0, instance:runner.TestRunner@75f32542]" started-at="2020-08-23T16:43:15 IST" name="runScenario" description="Runs Cucumber Scenarios" data-provider="scenarios" finished-at="2020-08-23T16:43:33 IST" duration-ms="18406" status="FAIL">
          <params>
            <param index="0">
              <value>
                <![CDATA["TC_04:Invalid Login2"]]>
              </value>
            </param>
            <param index="1">
              <value>
                <![CDATA["Optional[ArunTest2]"]]>
              </value>
            </param>
          </params>
          <exception class="java.lang.NullPointerException">
            <full-stacktrace>
              <![CDATA[java.lang.NullPointerException
at stepdefinitions.Hook.setUp(Hook.java:43)
]]>
            </full-stacktrace>
          </exception> <!-- java.lang.NullPointerException -->
          <reporter-output>
          </reporter-output>
        </test-method> <!-- runScenario -->
        <test-method signature="runScenario(io.cucumber.testng.PickleWrapper, io.cucumber.testng.FeatureWrapper)[pri:0, instance:runner.TestRunner@75f32542]" started-at="2020-08-23T16:43:15 IST" name="runScenario" description="Runs Cucumber Scenarios" data-provider="scenarios" finished-at="2020-08-23T16:43:33 IST" duration-ms="18324" status="FAIL">
          <params>
            <param index="0">
              <value>
                <![CDATA["TC_01-iteration2:Valid login"]]>
              </value>
            </param>
            <param index="1">
              <value>
                <![CDATA["Optional[ArunTest]"]]>
              </value>
            </param>
          </params>
          <exception class="java.lang.NullPointerException">
            <full-stacktrace>
              <![CDATA[java.lang.NullPointerException
at stepdefinitions.Hook.setUp(Hook.java:43)
]]>
            </full-stacktrace>
          </exception> <!-- java.lang.NullPointerException -->
          <reporter-output>
          </reporter-output>
        </test-method> <!-- runScenario -->
        <test-method signature="runScenario(io.cucumber.testng.PickleWrapper, io.cucumber.testng.FeatureWrapper)[pri:0, instance:runner.TestRunner@75f32542]" started-at="2020-08-23T16:43:15 IST" name="runScenario" description="Runs Cucumber Scenarios" data-provider="scenarios" finished-at="2020-08-23T16:43:33 IST" duration-ms="18361" status="FAIL">
          <params>
            <param index="0">
              <value>
                <![CDATA["TC_01-iteration3:Valid login"]]>
              </value>
            </param>
            <param index="1">
              <value>
                <![CDATA["Optional[ArunTest]"]]>
              </value>
            </param>
          </params>
          <exception class="java.lang.NullPointerException">
            <full-stacktrace>
              <![CDATA[java.lang.NullPointerException
at stepdefinitions.Hook.setUp(Hook.java:43)
]]>
            </full-stacktrace>
          </exception> <!-- java.lang.NullPointerException -->
          <reporter-output>
          </reporter-output>
        </test-method> <!-- runScenario -->
        <test-method is-config="true" signature="tearDownClass()[pri:0, instance:runner.TestRunner@75f32542]" started-at="2020-08-23T16:43:33 IST" name="tearDownClass" finished-at="2020-08-23T16:43:34 IST" duration-ms="329" status="PASS">
          <reporter-output>
          </reporter-output>
        </test-method> <!-- tearDownClass -->
      </class> <!-- runner.TestRunner -->
    </test> <!-- Complete test run -->
  </suite> <!-- Suite -->
</testng-results>
